<?xml version="1.0" encoding="UTF-8"?>
<!-- Generated by org.testng.reporters.JUnitReportReporter -->
<testsuite hostname="LAPTOP-TAVTASOM" failures="0" tests="2" name="config.TestNgExtendReports" time="2.758" errors="0" timestamp="2021-02-10T15:25:38 WIB" skipped="0">
  <testcase classname="config.TestNgExtendReports" name="googleSearch" time="2.751"/>
  <system-out/>
  <testcase classname="config.TestNgExtendReports" name="testCoba" time="0.007"/>
  <system-out/>
</testsuite> <!-- config.TestNgExtendReports -->
